# JRE version: OpenJDK Runtime Environment (11.0.2+9) (build 11.0.2+9)
# Java VM: OpenJDK 64-Bit Server VM (11.0.2+9, mixed mode, tiered, compressed oops, g1 gc, windows-amd64)
Heap:
 garbage-first heap   total 406528K, used 165378K [0x0000000740000000, 0x0000000800000000)
  region size 1024K, 18 young (18432K), 1 survivors (1024K)
 Metaspace       used 106151K, capacity 107283K, committed 112520K, reserved 1146880K
  class space    used 13943K, capacity 14383K, committed 16256K, reserved 1048576K
GC Heap History (10 events):
Event: 14280.823 GC heap before
{Heap before GC invocations=1353 (full 460):
 garbage-first heap   total 406528K, used 209465K [0x0000000740000000, 0x0000000800000000)
  region size 1024K, 60 young (61440K), 1 survivors (1024K)
 Metaspace       used 106148K, capacity 107283K, committed 112520K, reserved 1146880K
  class space    used 13943K, capacity 14383K, committed 16256K, reserved 1048576K
}
Event: 14280.825 GC heap after
{Heap after GC invocations=1354 (full 460):
 garbage-first heap   total 406528K, used 148903K [0x0000000740000000, 0x0000000800000000)
  region size 1024K, 1 young (1024K), 1 survivors (1024K)
 Metaspace       used 106148K, capacity 107283K, committed 112520K, reserved 1146880K
  class space    used 13943K, capacity 14383K, committed 16256K, reserved 1048576K
}
Event: 14284.198 GC heap before
{Heap before GC invocations=1354 (full 460):
 garbage-first heap   total 406528K, used 209319K [0x0000000740000000, 0x0000000800000000)
  region size 1024K, 60 young (61440K), 1 survivors (1024K)
 Metaspace       used 106148K, capacity 107283K, committed 112520K, reserved 1146880K
  class space    used 13943K, capacity 14383K, committed 16256K, reserved 1048576K
}
Event: 14284.200 GC heap after
{Heap after GC invocations=1355 (full 460):
 garbage-first heap   total 406528K, used 148885K [0x0000000740000000, 0x0000000800000000)
  region size 1024K, 1 young (1024K), 1 survivors (1024K)
 Metaspace       used 106148K, capacity 107283K, committed 112520K, reserved 1146880K
  class space    used 13943K, capacity 14383K, committed 16256K, reserved 1048576K
}
Event: 14287.187 GC heap before
{Heap before GC invocations=1355 (full 460):
 garbage-first heap   total 406528K, used 209301K [0x0000000740000000, 0x0000000800000000)
  region size 1024K, 60 young (61440K), 1 survivors (1024K)
 Metaspace       used 106151K, capacity 107283K, committed 112520K, reserved 1146880K
  class space    used 13943K, capacity 14383K, committed 16256K, reserved 1048576K
}
Event: 14287.190 GC heap after
{Heap after GC invocations=1356 (full 460):
 garbage-first heap   total 406528K, used 149023K [0x0000000740000000, 0x0000000800000000)
  region size 1024K, 1 young (1024K), 1 survivors (1024K)
 Metaspace       used 106151K, capacity 107283K, committed 112520K, reserved 1146880K
  class space    used 13943K, capacity 14383K, committed 16256K, reserved 1048576K
}
Event: 14290.552 GC heap before
{Heap before GC invocations=1356 (full 460):
 garbage-first heap   total 406528K, used 209439K [0x0000000740000000, 0x0000000800000000)
  region size 1024K, 60 young (61440K), 1 survivors (1024K)
 Metaspace       used 106151K, capacity 107283K, committed 112520K, reserved 1146880K
  class space    used 13943K, capacity 14383K, committed 16256K, reserved 1048576K
}
Event: 14290.555 GC heap after
{Heap after GC invocations=1357 (full 460):
 garbage-first heap   total 406528K, used 148811K [0x0000000740000000, 0x0000000800000000)
  region size 1024K, 1 young (1024K), 1 survivors (1024K)
 Metaspace       used 106151K, capacity 107283K, committed 112520K, reserved 1146880K
  class space    used 13943K, capacity 14383K, committed 16256K, reserved 1048576K
}
Event: 14292.222 GC heap before
{Heap before GC invocations=1357 (full 460):
 garbage-first heap   total 406528K, used 209227K [0x0000000740000000, 0x0000000800000000)
  region size 1024K, 60 young (61440K), 1 survivors (1024K)
 Metaspace       used 106151K, capacity 107283K, committed 112520K, reserved 1146880K
  class space    used 13943K, capacity 14383K, committed 16256K, reserved 1048576K
}
Event: 14292.224 GC heap after
{Heap after GC invocations=1358 (full 460):
 garbage-first heap   total 406528K, used 148994K [0x0000000740000000, 0x0000000800000000)
  region size 1024K, 1 young (1024K), 1 survivors (1024K)
 Metaspace       used 106151K, capacity 107283K, committed 112520K, reserved 1146880K
  class space    used 13943K, capacity 14383K, committed 16256K, reserved 1048576K
}

